This file contains any messages produced by compilers while
running configure, to aid debugging if configure makes a mistake.

It was created by main configure jeehong2015@gmail.com, which was
generated by GNU Autoconf 2.69.  Invocation command line was

  $ ./configure --host=arm-linux CC=arm-linux-gnueabihf-gcc

## --------- ##
## Platform. ##
## --------- ##

hostname = dev
uname -m = x86_64
uname -r = 4.4.0-34-generic
uname -s = Linux
uname -v = #53-Ubuntu SMP Wed Jul 27 16:06:39 UTC 2016

/usr/bin/uname -p = unknown
/bin/uname -X     = unknown

/bin/arch              = unknown
/usr/bin/arch -k       = unknown
/usr/convex/getsysinfo = unknown
/usr/bin/hostinfo      = unknown
/bin/machine           = unknown
/usr/bin/oslevel       = unknown
/bin/universe          = unknown

PATH: /usr/local/jdk1.8.0_101/bin
PATH: /usr/local/sbin
PATH: /usr/local/bin
PATH: /usr/sbin
PATH: /usr/bin
PATH: /sbin
PATH: /bin
PATH: /usr/games
PATH: /usr/local/games


## ----------- ##
## Core tests. ##
## ----------- ##

configure:2246: checking for a BSD-compatible install
configure:2314: result: /usr/bin/install -c
configure:2325: checking whether build environment is sane
configure:2380: result: yes
configure:2439: checking for arm-linux-strip
configure:2469: result: no
configure:2479: checking for strip
configure:2495: found /usr/bin/strip
configure:2506: result: strip
configure:2531: checking for a thread-safe mkdir -p
configure:2570: result: /bin/mkdir -p
configure:2577: checking for gawk
configure:2593: found /usr/bin/gawk
configure:2604: result: gawk
configure:2615: checking whether make sets $(MAKE)
configure:2637: result: yes
configure:2666: checking whether make supports nested variables
configure:2683: result: yes
configure:2820: checking for arm-linux-gcc
configure:2847: result: arm-linux-gnueabihf-gcc
configure:3116: checking for C compiler version
configure:3125: arm-linux-gnueabihf-gcc --version >&5
arm-linux-gnueabihf-gcc (Ubuntu/Linaro 5.4.0-6ubuntu1~16.04.1) 5.4.0 20160609
Copyright (C) 2015 Free Software Foundation, Inc.
This is free software; see the source for copying conditions.  There is NO
warranty; not even for MERCHANTABILITY or FITNESS FOR A PARTICULAR PURPOSE.

configure:3136: $? = 0
configure:3125: arm-linux-gnueabihf-gcc -v >&5
Using built-in specs.
COLLECT_GCC=arm-linux-gnueabihf-gcc
COLLECT_LTO_WRAPPER=/usr/lib/gcc-cross/arm-linux-gnueabihf/5/lto-wrapper
Target: arm-linux-gnueabihf
Configured with: ../src/configure -v --with-pkgversion='Ubuntu/Linaro 5.4.0-6ubuntu1~16.04.1' --with-bugurl=file:///usr/share/doc/gcc-5/README.Bugs --enable-languages=c,ada,c++,java,go,d,fortran,objc,obj-c++ --prefix=/usr --program-suffix=-5 --enable-shared --enable-linker-build-id --libexecdir=/usr/lib --without-included-gettext --enable-threads=posix --libdir=/usr/lib --enable-nls --with-sysroot=/ --enable-clocale=gnu --enable-libstdcxx-debug --enable-libstdcxx-time=yes --with-default-libstdcxx-abi=new --enable-gnu-unique-object --disable-libitm --disable-libquadmath --enable-plugin --with-system-zlib --disable-browser-plugin --enable-java-awt=gtk --enable-gtk-cairo --with-java-home=/usr/lib/jvm/java-1.5.0-gcj-5-armhf-cross/jre --enable-java-home --with-jvm-root-dir=/usr/lib/jvm/java-1.5.0-gcj-5-armhf-cross --with-jvm-jar-dir=/usr/lib/jvm-exports/java-1.5.0-gcj-5-armhf-cross --with-arch-directory=arm --with-ecj-jar=/usr/share/java/eclipse-ecj.jar --disable-libgcj --enable-objc-gc --enable-multiarch --enable-multilib --disable-sjlj-exceptions --with-arch=armv7-a --with-fpu=vfpv3-d16 --with-float=hard --with-mode=thumb --disable-werror --enable-multilib --enable-checking=release --build=x86_64-linux-gnu --host=x86_64-linux-gnu --target=arm-linux-gnueabihf --program-prefix=arm-linux-gnueabihf- --includedir=/usr/arm-linux-gnueabihf/include
Thread model: posix
gcc version 5.4.0 20160609 (Ubuntu/Linaro 5.4.0-6ubuntu1~16.04.1) 
configure:3136: $? = 0
configure:3125: arm-linux-gnueabihf-gcc -V >&5
arm-linux-gnueabihf-gcc: error: unrecognized command line option '-V'
arm-linux-gnueabihf-gcc: fatal error: no input files
compilation terminated.
configure:3136: $? = 1
configure:3125: arm-linux-gnueabihf-gcc -qversion >&5
arm-linux-gnueabihf-gcc: error: unrecognized command line option '-qversion'
arm-linux-gnueabihf-gcc: fatal error: no input files
compilation terminated.
configure:3136: $? = 1
configure:3156: checking whether the C compiler works
configure:3178: arm-linux-gnueabihf-gcc    conftest.c  >&5
configure:3182: $? = 0
configure:3230: result: yes
configure:3233: checking for C compiler default output file name
configure:3235: result: a.out
configure:3241: checking for suffix of executables
configure:3248: arm-linux-gnueabihf-gcc -o conftest    conftest.c  >&5
configure:3252: $? = 0
configure:3274: result: 
configure:3296: checking whether we are cross compiling
configure:3304: arm-linux-gnueabihf-gcc -o conftest    conftest.c  >&5
configure:3308: $? = 0
configure:3315: ./conftest
./configure: line 3317: ./conftest: cannot execute binary file: Exec format error
configure:3319: $? = 126
configure:3334: result: yes
configure:3339: checking for suffix of object files
configure:3361: arm-linux-gnueabihf-gcc -c   conftest.c >&5
configure:3365: $? = 0
configure:3386: result: o
configure:3390: checking whether we are using the GNU C compiler
configure:3409: arm-linux-gnueabihf-gcc -c   conftest.c >&5
configure:3409: $? = 0
configure:3418: result: yes
configure:3427: checking whether arm-linux-gnueabihf-gcc accepts -g
configure:3447: arm-linux-gnueabihf-gcc -c -g  conftest.c >&5
configure:3447: $? = 0
configure:3488: result: yes
configure:3505: checking for arm-linux-gnueabihf-gcc option to accept ISO C89
configure:3568: arm-linux-gnueabihf-gcc  -c -g -O2  conftest.c >&5
configure:3568: $? = 0
configure:3581: result: none needed
configure:3606: checking whether arm-linux-gnueabihf-gcc understands -c and -o together
configure:3628: arm-linux-gnueabihf-gcc -c conftest.c -o conftest2.o
configure:3631: $? = 0
configure:3628: arm-linux-gnueabihf-gcc -c conftest.c -o conftest2.o
configure:3631: $? = 0
configure:3643: result: yes
configure:3671: checking for style of include used by make
configure:3699: result: GNU
configure:3725: checking dependency style of arm-linux-gnueabihf-gcc
configure:3836: result: gcc3
configure:3865: checking for arm-linux-g++
configure:3895: result: no
configure:3865: checking for arm-linux-c++
configure:3895: result: no
configure:3865: checking for arm-linux-gpp
configure:3895: result: no
configure:3865: checking for arm-linux-aCC
configure:3895: result: no
configure:3865: checking for arm-linux-CC
configure:3895: result: no
configure:3865: checking for arm-linux-cxx
configure:3895: result: no
configure:3865: checking for arm-linux-cc++
configure:3895: result: no
configure:3865: checking for arm-linux-cl.exe
configure:3895: result: no
configure:3865: checking for arm-linux-FCC
configure:3895: result: no
configure:3865: checking for arm-linux-KCC
configure:3895: result: no
configure:3865: checking for arm-linux-RCC
configure:3895: result: no
configure:3865: checking for arm-linux-xlC_r
configure:3895: result: no
configure:3865: checking for arm-linux-xlC
configure:3895: result: no
configure:3909: checking for g++
configure:3925: found /usr/bin/g++
configure:3936: result: g++
configure:3952: WARNING: using cross tools not prefixed with host triplet
configure:3963: checking for C++ compiler version
configure:3972: g++ --version >&5
g++ (Ubuntu 5.4.0-6ubuntu1~16.04.4) 5.4.0 20160609
Copyright (C) 2015 Free Software Foundation, Inc.
This is free software; see the source for copying conditions.  There is NO
warranty; not even for MERCHANTABILITY or FITNESS FOR A PARTICULAR PURPOSE.

configure:3983: $? = 0
configure:3972: g++ -v >&5
Using built-in specs.
COLLECT_GCC=g++
COLLECT_LTO_WRAPPER=/usr/lib/gcc/x86_64-linux-gnu/5/lto-wrapper
Target: x86_64-linux-gnu
Configured with: ../src/configure -v --with-pkgversion='Ubuntu 5.4.0-6ubuntu1~16.04.4' --with-bugurl=file:///usr/share/doc/gcc-5/README.Bugs --enable-languages=c,ada,c++,java,go,d,fortran,objc,obj-c++ --prefix=/usr --program-suffix=-5 --enable-shared --enable-linker-build-id --libexecdir=/usr/lib --without-included-gettext --enable-threads=posix --libdir=/usr/lib --enable-nls --with-sysroot=/ --enable-clocale=gnu --enable-libstdcxx-debug --enable-libstdcxx-time=yes --with-default-libstdcxx-abi=new --enable-gnu-unique-object --disable-vtable-verify --enable-libmpx --enable-plugin --with-system-zlib --disable-browser-plugin --enable-java-awt=gtk --enable-gtk-cairo --with-java-home=/usr/lib/jvm/java-1.5.0-gcj-5-amd64/jre --enable-java-home --with-jvm-root-dir=/usr/lib/jvm/java-1.5.0-gcj-5-amd64 --with-jvm-jar-dir=/usr/lib/jvm-exports/java-1.5.0-gcj-5-amd64 --with-arch-directory=amd64 --with-ecj-jar=/usr/share/java/eclipse-ecj.jar --enable-objc-gc --enable-multiarch --disable-werror --with-arch-32=i686 --with-abi=m64 --with-multilib-list=m32,m64,mx32 --enable-multilib --with-tune=generic --enable-checking=release --build=x86_64-linux-gnu --host=x86_64-linux-gnu --target=x86_64-linux-gnu
Thread model: posix
gcc version 5.4.0 20160609 (Ubuntu 5.4.0-6ubuntu1~16.04.4) 
configure:3983: $? = 0
configure:3972: g++ -V >&5
g++: error: unrecognized command line option '-V'
g++: fatal error: no input files
compilation terminated.
configure:3983: $? = 1
configure:3972: g++ -qversion >&5
g++: error: unrecognized command line option '-qversion'
g++: fatal error: no input files
compilation terminated.
configure:3983: $? = 1
configure:3987: checking whether we are using the GNU C++ compiler
configure:4006: g++ -c   conftest.cpp >&5
configure:4006: $? = 0
configure:4015: result: yes
configure:4024: checking whether g++ accepts -g
configure:4044: g++ -c -g  conftest.cpp >&5
configure:4044: $? = 0
configure:4085: result: yes
configure:4110: checking dependency style of g++
configure:4221: result: gcc3
configure:4239: checking for arm-linux-ranlib
configure:4269: result: no
configure:4279: checking for ranlib
configure:4295: found /usr/bin/ranlib
configure:4306: result: ranlib
configure:4338: checking how to run the C preprocessor
configure:4369: arm-linux-gnueabihf-gcc -E  conftest.c
configure:4369: $? = 0
configure:4383: arm-linux-gnueabihf-gcc -E  conftest.c
conftest.c:11:28: fatal error: ac_nonexistent.h: No such file or directory
compilation terminated.
configure:4383: $? = 1
configure: failed program was:
| /* confdefs.h */
| #define PACKAGE_NAME "main"
| #define PACKAGE_TARNAME "main"
| #define PACKAGE_VERSION "jeehong2015@gmail.com"
| #define PACKAGE_STRING "main jeehong2015@gmail.com"
| #define PACKAGE_BUGREPORT ""
| #define PACKAGE_URL ""
| #define PACKAGE "main"
| #define VERSION "0.1"
| /* end confdefs.h.  */
| #include <ac_nonexistent.h>
configure:4408: result: arm-linux-gnueabihf-gcc -E
configure:4428: arm-linux-gnueabihf-gcc -E  conftest.c
configure:4428: $? = 0
configure:4442: arm-linux-gnueabihf-gcc -E  conftest.c
conftest.c:11:28: fatal error: ac_nonexistent.h: No such file or directory
compilation terminated.
configure:4442: $? = 1
configure: failed program was:
| /* confdefs.h */
| #define PACKAGE_NAME "main"
| #define PACKAGE_TARNAME "main"
| #define PACKAGE_VERSION "jeehong2015@gmail.com"
| #define PACKAGE_STRING "main jeehong2015@gmail.com"
| #define PACKAGE_BUGREPORT ""
| #define PACKAGE_URL ""
| #define PACKAGE "main"
| #define VERSION "0.1"
| /* end confdefs.h.  */
| #include <ac_nonexistent.h>
configure:4471: checking for grep that handles long lines and -e
configure:4529: result: /bin/grep
configure:4534: checking for egrep
configure:4596: result: /bin/grep -E
configure:4601: checking for ANSI C header files
configure:4621: arm-linux-gnueabihf-gcc -c -g -O2  conftest.c >&5
configure:4621: $? = 0
configure:4705: result: yes
configure:4718: checking for sys/types.h
configure:4718: arm-linux-gnueabihf-gcc -c -g -O2  conftest.c >&5
configure:4718: $? = 0
configure:4718: result: yes
configure:4718: checking for sys/stat.h
configure:4718: arm-linux-gnueabihf-gcc -c -g -O2  conftest.c >&5
configure:4718: $? = 0
configure:4718: result: yes
configure:4718: checking for stdlib.h
configure:4718: arm-linux-gnueabihf-gcc -c -g -O2  conftest.c >&5
configure:4718: $? = 0
configure:4718: result: yes
configure:4718: checking for string.h
configure:4718: arm-linux-gnueabihf-gcc -c -g -O2  conftest.c >&5
configure:4718: $? = 0
configure:4718: result: yes
configure:4718: checking for memory.h
configure:4718: arm-linux-gnueabihf-gcc -c -g -O2  conftest.c >&5
configure:4718: $? = 0
configure:4718: result: yes
configure:4718: checking for strings.h
configure:4718: arm-linux-gnueabihf-gcc -c -g -O2  conftest.c >&5
configure:4718: $? = 0
configure:4718: result: yes
configure:4718: checking for inttypes.h
configure:4718: arm-linux-gnueabihf-gcc -c -g -O2  conftest.c >&5
configure:4718: $? = 0
configure:4718: result: yes
configure:4718: checking for stdint.h
configure:4718: arm-linux-gnueabihf-gcc -c -g -O2  conftest.c >&5
configure:4718: $? = 0
configure:4718: result: yes
configure:4718: checking for unistd.h
configure:4718: arm-linux-gnueabihf-gcc -c -g -O2  conftest.c >&5
configure:4718: $? = 0
configure:4718: result: yes
configure:4733: checking arpa/inet.h usability
configure:4733: arm-linux-gnueabihf-gcc -c -g -O2  conftest.c >&5
configure:4733: $? = 0
configure:4733: result: yes
configure:4733: checking arpa/inet.h presence
configure:4733: arm-linux-gnueabihf-gcc -E  conftest.c
configure:4733: $? = 0
configure:4733: result: yes
configure:4733: checking for arpa/inet.h
configure:4733: result: yes
configure:4733: checking netinet/in.h usability
configure:4733: arm-linux-gnueabihf-gcc -c -g -O2  conftest.c >&5
configure:4733: $? = 0
configure:4733: result: yes
configure:4733: checking netinet/in.h presence
configure:4733: arm-linux-gnueabihf-gcc -E  conftest.c
configure:4733: $? = 0
configure:4733: result: yes
configure:4733: checking for netinet/in.h
configure:4733: result: yes
configure:4733: checking for string.h
configure:4733: result: yes
configure:4733: checking sys/socket.h usability
configure:4733: arm-linux-gnueabihf-gcc -c -g -O2  conftest.c >&5
configure:4733: $? = 0
configure:4733: result: yes
configure:4733: checking sys/socket.h presence
configure:4733: arm-linux-gnueabihf-gcc -E  conftest.c
configure:4733: $? = 0
configure:4733: result: yes
configure:4733: checking for sys/socket.h
configure:4733: result: yes
configure:4733: checking for unistd.h
configure:4733: result: yes
configure:4750: checking for inet_ntoa
configure:4750: arm-linux-gnueabihf-gcc -o conftest -g -O2   conftest.c  >&5
configure:4750: $? = 0
configure:4750: result: yes
configure:4750: checking for memset
configure:4750: arm-linux-gnueabihf-gcc -o conftest -g -O2   conftest.c  >&5
conftest.c:50:6: warning: conflicting types for built-in function 'memset'
 char memset ();
      ^
configure:4750: $? = 0
configure:4750: result: yes
configure:4750: checking for select
configure:4750: arm-linux-gnueabihf-gcc -o conftest -g -O2   conftest.c  >&5
configure:4750: $? = 0
configure:4750: result: yes
configure:4750: checking for socket
configure:4750: arm-linux-gnueabihf-gcc -o conftest -g -O2   conftest.c  >&5
configure:4750: $? = 0
configure:4750: result: yes
configure:4871: checking that generated files are newer than configure
configure:4877: result: done
configure:4904: creating ./config.status

## ---------------------- ##
## Running config.status. ##
## ---------------------- ##

This file was extended by main config.status jeehong2015@gmail.com, which was
generated by GNU Autoconf 2.69.  Invocation command line was

  CONFIG_FILES    = 
  CONFIG_HEADERS  = 
  CONFIG_LINKS    = 
  CONFIG_COMMANDS = 
  $ ./config.status 

on dev

config.status:869: creating Makefile
config.status:869: creating config.h
config.status:1098: executing depfiles commands

## ---------------- ##
## Cache variables. ##
## ---------------- ##

ac_cv_c_compiler_gnu=yes
ac_cv_cxx_compiler_gnu=yes
ac_cv_env_CCC_set=
ac_cv_env_CCC_value=
ac_cv_env_CC_set=set
ac_cv_env_CC_value=arm-linux-gnueabihf-gcc
ac_cv_env_CFLAGS_set=
ac_cv_env_CFLAGS_value=
ac_cv_env_CPPFLAGS_set=
ac_cv_env_CPPFLAGS_value=
ac_cv_env_CPP_set=
ac_cv_env_CPP_value=
ac_cv_env_CXXFLAGS_set=
ac_cv_env_CXXFLAGS_value=
ac_cv_env_CXX_set=
ac_cv_env_CXX_value=
ac_cv_env_LDFLAGS_set=
ac_cv_env_LDFLAGS_value=
ac_cv_env_LIBS_set=
ac_cv_env_LIBS_value=
ac_cv_env_build_alias_set=
ac_cv_env_build_alias_value=
ac_cv_env_host_alias_set=set
ac_cv_env_host_alias_value=arm-linux
ac_cv_env_target_alias_set=
ac_cv_env_target_alias_value=
ac_cv_func_inet_ntoa=yes
ac_cv_func_memset=yes
ac_cv_func_select=yes
ac_cv_func_socket=yes
ac_cv_header_arpa_inet_h=yes
ac_cv_header_inttypes_h=yes
ac_cv_header_memory_h=yes
ac_cv_header_netinet_in_h=yes
ac_cv_header_stdc=yes
ac_cv_header_stdint_h=yes
ac_cv_header_stdlib_h=yes
ac_cv_header_string_h=yes
ac_cv_header_strings_h=yes
ac_cv_header_sys_socket_h=yes
ac_cv_header_sys_stat_h=yes
ac_cv_header_sys_types_h=yes
ac_cv_header_unistd_h=yes
ac_cv_objext=o
ac_cv_path_EGREP='/bin/grep -E'
ac_cv_path_GREP=/bin/grep
ac_cv_path_install='/usr/bin/install -c'
ac_cv_path_mkdir=/bin/mkdir
ac_cv_prog_AWK=gawk
ac_cv_prog_CC=arm-linux-gnueabihf-gcc
ac_cv_prog_CPP='arm-linux-gnueabihf-gcc -E'
ac_cv_prog_ac_ct_CXX=g++
ac_cv_prog_ac_ct_RANLIB=ranlib
ac_cv_prog_ac_ct_STRIP=strip
ac_cv_prog_cc_c89=
ac_cv_prog_cc_g=yes
ac_cv_prog_cxx_g=yes
ac_cv_prog_make_make_set=yes
am_cv_CC_dependencies_compiler_type=gcc3
am_cv_CXX_dependencies_compiler_type=gcc3
am_cv_make_support_nested_variables=yes
am_cv_prog_cc_c_o=yes

## ----------------- ##
## Output variables. ##
## ----------------- ##

ACLOCAL='${SHELL} /home/jeehong/project/study/smart/missing aclocal-1.15'
AMDEPBACKSLASH='\'
AMDEP_FALSE='#'
AMDEP_TRUE=''
AMTAR='$${TAR-tar}'
AM_BACKSLASH='\'
AM_DEFAULT_V='$(AM_DEFAULT_VERBOSITY)'
AM_DEFAULT_VERBOSITY='1'
AM_V='$(V)'
AUTOCONF='${SHELL} /home/jeehong/project/study/smart/missing autoconf'
AUTOHEADER='${SHELL} /home/jeehong/project/study/smart/missing autoheader'
AUTOMAKE='${SHELL} /home/jeehong/project/study/smart/missing automake-1.15'
AWK='gawk'
CC='arm-linux-gnueabihf-gcc'
CCDEPMODE='depmode=gcc3'
CFLAGS='-g -O2'
CPP='arm-linux-gnueabihf-gcc -E'
CPPFLAGS=''
CXX='g++'
CXXDEPMODE='depmode=gcc3'
CXXFLAGS='-g -O2'
CYGPATH_W='echo'
DEFS='-DHAVE_CONFIG_H'
DEPDIR='.deps'
ECHO_C=''
ECHO_N='-n'
ECHO_T=''
EGREP='/bin/grep -E'
EXEEXT=''
GREP='/bin/grep'
INSTALL_DATA='${INSTALL} -m 644'
INSTALL_PROGRAM='${INSTALL}'
INSTALL_SCRIPT='${INSTALL}'
INSTALL_STRIP_PROGRAM='$(install_sh) -c -s'
LDFLAGS=''
LIBOBJS=''
LIBS=''
LTLIBOBJS=''
MAKEINFO='${SHELL} /home/jeehong/project/study/smart/missing makeinfo'
MKDIR_P='/bin/mkdir -p'
OBJEXT='o'
PACKAGE='main'
PACKAGE_BUGREPORT=''
PACKAGE_NAME='main'
PACKAGE_STRING='main jeehong2015@gmail.com'
PACKAGE_TARNAME='main'
PACKAGE_URL=''
PACKAGE_VERSION='jeehong2015@gmail.com'
PATH_SEPARATOR=':'
RANLIB='ranlib'
SET_MAKE=''
SHELL='/bin/bash'
STRIP='strip'
VERSION='0.1'
ac_ct_CC=''
ac_ct_CXX='g++'
am__EXEEXT_FALSE=''
am__EXEEXT_TRUE='#'
am__fastdepCC_FALSE='#'
am__fastdepCC_TRUE=''
am__fastdepCXX_FALSE='#'
am__fastdepCXX_TRUE=''
am__include='include'
am__isrc=''
am__leading_dot='.'
am__nodep='_no'
am__quote=''
am__tar='$${TAR-tar} chof - "$$tardir"'
am__untar='$${TAR-tar} xf -'
bindir='${exec_prefix}/bin'
build_alias=''
datadir='${datarootdir}'
datarootdir='${prefix}/share'
docdir='${datarootdir}/doc/${PACKAGE_TARNAME}'
dvidir='${docdir}'
exec_prefix='${prefix}'
host_alias='arm-linux'
htmldir='${docdir}'
includedir='${prefix}/include'
infodir='${datarootdir}/info'
install_sh='${SHELL} /home/jeehong/project/study/smart/install-sh'
libdir='${exec_prefix}/lib'
libexecdir='${exec_prefix}/libexec'
localedir='${datarootdir}/locale'
localstatedir='${prefix}/var'
mandir='${datarootdir}/man'
mkdir_p='$(MKDIR_P)'
oldincludedir='/usr/include'
pdfdir='${docdir}'
prefix='/usr/local'
program_transform_name='s,x,x,'
psdir='${docdir}'
runstatedir='${localstatedir}/run'
sbindir='${exec_prefix}/sbin'
sharedstatedir='${prefix}/com'
sysconfdir='${prefix}/etc'
target_alias=''

## ----------- ##
## confdefs.h. ##
## ----------- ##

/* confdefs.h */
#define PACKAGE_NAME "main"
#define PACKAGE_TARNAME "main"
#define PACKAGE_VERSION "jeehong2015@gmail.com"
#define PACKAGE_STRING "main jeehong2015@gmail.com"
#define PACKAGE_BUGREPORT ""
#define PACKAGE_URL ""
#define PACKAGE "main"
#define VERSION "0.1"
#define STDC_HEADERS 1
#define HAVE_SYS_TYPES_H 1
#define HAVE_SYS_STAT_H 1
#define HAVE_STDLIB_H 1
#define HAVE_STRING_H 1
#define HAVE_MEMORY_H 1
#define HAVE_STRINGS_H 1
#define HAVE_INTTYPES_H 1
#define HAVE_STDINT_H 1
#define HAVE_UNISTD_H 1
#define HAVE_ARPA_INET_H 1
#define HAVE_NETINET_IN_H 1
#define HAVE_STRING_H 1
#define HAVE_SYS_SOCKET_H 1
#define HAVE_UNISTD_H 1
#define HAVE_INET_NTOA 1
#define HAVE_MEMSET 1
#define HAVE_SELECT 1
#define HAVE_SOCKET 1

configure: exit 0
